<?xml version="1.0" encoding="UTF-8"?>
<!-- Generated by org.testng.reporters.JUnitReportReporter -->
<testsuite hostname="Anand" failures="0" tests="1" name="testcases.Login" time="20.117" errors="0" timestamp="2024-07-02T03:43:14 IST" skipped="0">
  <testcase classname="testcases.Login" name="login" time="20.117"/>
</testsuite> <!-- testcases.Login -->
